<?xml version="1.0" encoding="UTF-8"?>
<Site BuildName="(empty)"
	BuildStamp="20230821-1434-Experimental"
	Name="(empty)"
	Generator="ctest-3.23.2"
	CompilerName=""
	CompilerVersion=""
	OSName="Windows"
	Hostname="KevinL"
	OSRelease=" Personal"
	OSVersion=" (Build 22621)"
	OSPlatform="AMD64"
	Is64Bits="1"
	VendorString=""
	VendorID="Unknown Manufacturer"
	FamilyID="0"
	ModelID="0"
	ProcessorCacheSize="0"
	NumberOfLogicalCPU="8"
	NumberOfPhysicalCPU="8"
	TotalVirtualMemory="11034"
	TotalPhysicalMemory="7834"
	LogicalProcessorsPerPhysical="1"
	ProcessorClockFrequency="1670"
	>
	<Testing>
		<StartDateTime>Aug 21 16:36 W. Europe Daylight Time</StartDateTime>
		<StartTestTime>1692628571</StartTestTime>
		<TestList/>
		<EndDateTime>Aug 21 16:36 W. Europe Daylight Time</EndDateTime>
		<EndTestTime>1692628571</EndTestTime>
		<ElapsedMinutes>0</ElapsedMinutes>
	</Testing>
</Site>
